[2017-09-07 19:23:47] Текст ошибки: Контроллер app\controllers\admin\MainController не найден | Файл: D:\WebServer\domains\ishop2.loc\vendor\ishop\core\Router.php | Строка: 36
=================
[2017-09-07 19:23:47] Текст ошибки: Страница не найдена | Файл: D:\WebServer\domains\ishop2.loc\vendor\ishop\core\Router.php | Строка: 39
=================
[2017-09-07 19:23:47] Текст ошибки: Страница не найдена | Файл: D:\WebServer\domains\ishop2.loc\vendor\ishop\core\Router.php | Строка: 39
=================
[2017-09-07 19:26:12] Текст ошибки: Контроллер app\controllers\admin\MainController не найден | Файл: D:\WebServer\domains\ishop2.loc\vendor\ishop\core\Router.php | Строка: 36
=================
[2017-09-07 19:44:08] Текст ошибки: Страница не найдена | Файл: D:\WebServer\domains\ishop2.loc\vendor\ishop\core\Router.php | Строка: 39
=================
[2017-09-07 19:44:08] Текст ошибки: Страница не найдена | Файл: D:\WebServer\domains\ishop2.loc\vendor\ishop\core\Router.php | Строка: 39
=================
[2017-09-07 19:44:08] Текст ошибки: Страница не найдена | Файл: D:\WebServer\domains\ishop2.loc\vendor\ishop\core\Router.php | Строка: 39
=================
[2017-09-07 19:44:08] Текст ошибки: Страница не найдена | Файл: D:\WebServer\domains\ishop2.loc\vendor\ishop\core\Router.php | Строка: 39
=================
[2017-09-07 19:44:08] Текст ошибки: Страница не найдена | Файл: D:\WebServer\domains\ishop2.loc\vendor\ishop\core\Router.php | Строка: 39
=================
[2017-09-07 19:44:08] Текст ошибки: Страница не найдена | Файл: D:\WebServer\domains\ishop2.loc\vendor\ishop\core\Router.php | Строка: 39
=================
[2017-09-07 19:44:08] Текст ошибки: Страница не найдена | Файл: D:\WebServer\domains\ishop2.loc\vendor\ishop\core\Router.php | Строка: 39
=================
[2017-09-07 19:44:08] Текст ошибки: Страница не найдена | Файл: D:\WebServer\domains\ishop2.loc\vendor\ishop\core\Router.php | Строка: 39
=================
[2017-09-07 19:44:08] Текст ошибки: Страница не найдена | Файл: D:\WebServer\domains\ishop2.loc\vendor\ishop\core\Router.php | Строка: 39
=================
[2017-09-07 19:44:08] Текст ошибки: Страница не найдена | Файл: D:\WebServer\domains\ishop2.loc\vendor\ishop\core\Router.php | Строка: 39
=================
[2017-09-07 19:44:08] Текст ошибки: Страница не найдена | Файл: D:\WebServer\domains\ishop2.loc\vendor\ishop\core\Router.php | Строка: 39
=================
[2017-09-07 19:44:08] Текст ошибки: Страница не найдена | Файл: D:\WebServer\domains\ishop2.loc\vendor\ishop\core\Router.php | Строка: 39
=================
[2017-09-07 19:44:08] Текст ошибки: Страница не найдена | Файл: D:\WebServer\domains\ishop2.loc\vendor\ishop\core\Router.php | Строка: 39
=================
[2017-09-07 19:44:08] Текст ошибки: Страница не найдена | Файл: D:\WebServer\domains\ishop2.loc\vendor\ishop\core\Router.php | Строка: 39
=================
[2017-09-07 19:44:08] Текст ошибки: Страница не найдена | Файл: D:\WebServer\domains\ishop2.loc\vendor\ishop\core\Router.php | Строка: 39
=================
[2017-09-07 19:44:08] Текст ошибки: Страница не найдена | Файл: D:\WebServer\domains\ishop2.loc\vendor\ishop\core\Router.php | Строка: 39
=================
[2017-09-07 19:44:08] Текст ошибки: Страница не найдена | Файл: D:\WebServer\domains\ishop2.loc\vendor\ishop\core\Router.php | Строка: 39
=================
[2017-09-07 19:44:08] Текст ошибки: Страница не найдена | Файл: D:\WebServer\domains\ishop2.loc\vendor\ishop\core\Router.php | Строка: 39
=================
[2017-09-07 19:44:08] Текст ошибки: Страница не найдена | Файл: D:\WebServer\domains\ishop2.loc\vendor\ishop\core\Router.php | Строка: 39
=================
[2017-09-07 19:44:08] Текст ошибки: Страница не найдена | Файл: D:\WebServer\domains\ishop2.loc\vendor\ishop\core\Router.php | Строка: 39
=================
[2017-09-07 19:44:08] Текст ошибки: Страница не найдена | Файл: D:\WebServer\domains\ishop2.loc\vendor\ishop\core\Router.php | Строка: 39
=================
[2017-09-07 19:44:08] Текст ошибки: Страница не найдена | Файл: D:\WebServer\domains\ishop2.loc\vendor\ishop\core\Router.php | Строка: 39
=================
[2017-09-07 19:44:08] Текст ошибки: Страница не найдена | Файл: D:\WebServer\domains\ishop2.loc\vendor\ishop\core\Router.php | Строка: 39
=================
[2017-09-07 19:44:08] Текст ошибки: Страница не найдена | Файл: D:\WebServer\domains\ishop2.loc\vendor\ishop\core\Router.php | Строка: 39
=================
[2017-09-07 19:44:08] Текст ошибки: Страница не найдена | Файл: D:\WebServer\domains\ishop2.loc\vendor\ishop\core\Router.php | Строка: 39
=================
[2017-09-07 19:44:08] Текст ошибки: Страница не найдена | Файл: D:\WebServer\domains\ishop2.loc\vendor\ishop\core\Router.php | Строка: 39
=================
[2017-09-07 19:44:08] Текст ошибки: Страница не найдена | Файл: D:\WebServer\domains\ishop2.loc\vendor\ishop\core\Router.php | Строка: 39
=================
[2017-09-07 19:44:08] Текст ошибки: Страница не найдена | Файл: D:\WebServer\domains\ishop2.loc\vendor\ishop\core\Router.php | Строка: 39
=================
[2017-09-07 19:44:08] Текст ошибки: Страница не найдена | Файл: D:\WebServer\domains\ishop2.loc\vendor\ishop\core\Router.php | Строка: 39
=================
[2017-09-07 19:44:08] Текст ошибки: Страница не найдена | Файл: D:\WebServer\domains\ishop2.loc\vendor\ishop\core\Router.php | Строка: 39
=================
[2017-09-07 19:44:08] Текст ошибки: Страница не найдена | Файл: D:\WebServer\domains\ishop2.loc\vendor\ishop\core\Router.php | Строка: 39
=================
[2017-09-07 19:44:08] Текст ошибки: Страница не найдена | Файл: D:\WebServer\domains\ishop2.loc\vendor\ishop\core\Router.php | Строка: 39
=================
[2017-09-07 19:44:08] Текст ошибки: Страница не найдена | Файл: D:\WebServer\domains\ishop2.loc\vendor\ishop\core\Router.php | Строка: 39
=================
[2017-09-07 19:44:08] Текст ошибки: Страница не найдена | Файл: D:\WebServer\domains\ishop2.loc\vendor\ishop\core\Router.php | Строка: 39
=================
[2017-09-07 19:44:08] Текст ошибки: Страница не найдена | Файл: D:\WebServer\domains\ishop2.loc\vendor\ishop\core\Router.php | Строка: 39
=================
[2017-09-07 19:44:08] Текст ошибки: Страница не найдена | Файл: D:\WebServer\domains\ishop2.loc\vendor\ishop\core\Router.php | Строка: 39
=================
[2017-09-07 19:44:08] Текст ошибки: Страница не найдена | Файл: D:\WebServer\domains\ishop2.loc\vendor\ishop\core\Router.php | Строка: 39
=================
[2017-09-07 19:44:08] Текст ошибки: Страница не найдена | Файл: D:\WebServer\domains\ishop2.loc\vendor\ishop\core\Router.php | Строка: 39
=================
[2017-09-07 19:44:08] Текст ошибки: Страница не найдена | Файл: D:\WebServer\domains\ishop2.loc\vendor\ishop\core\Router.php | Строка: 39
=================
[2017-09-07 19:44:08] Текст ошибки: Страница не найдена | Файл: D:\WebServer\domains\ishop2.loc\vendor\ishop\core\Router.php | Строка: 39
=================
[2017-09-07 19:44:08] Текст ошибки: Страница не найдена | Файл: D:\WebServer\domains\ishop2.loc\vendor\ishop\core\Router.php | Строка: 39
=================
[2017-09-07 19:44:08] Текст ошибки: Страница не найдена | Файл: D:\WebServer\domains\ishop2.loc\vendor\ishop\core\Router.php | Строка: 39
=================
[2017-09-07 19:44:08] Текст ошибки: Страница не найдена | Файл: D:\WebServer\domains\ishop2.loc\vendor\ishop\core\Router.php | Строка: 39
=================
[2017-09-07 19:44:08] Текст ошибки: Страница не найдена | Файл: D:\WebServer\domains\ishop2.loc\vendor\ishop\core\Router.php | Строка: 39
=================
[2017-09-07 19:44:08] Текст ошибки: Страница не найдена | Файл: D:\WebServer\domains\ishop2.loc\vendor\ishop\core\Router.php | Строка: 39
=================
[2017-09-07 19:44:09] Текст ошибки: Страница не найдена | Файл: D:\WebServer\domains\ishop2.loc\vendor\ishop\core\Router.php | Строка: 39
=================
[2017-09-07 19:44:09] Текст ошибки: Страница не найдена | Файл: D:\WebServer\domains\ishop2.loc\vendor\ishop\core\Router.php | Строка: 39
=================
[2017-09-07 19:44:09] Текст ошибки: Страница не найдена | Файл: D:\WebServer\domains\ishop2.loc\vendor\ishop\core\Router.php | Строка: 39
=================
[2017-09-09 08:25:55] Текст ошибки: Страница не найдена | Файл: D:\WebServer\domains\ishop2.loc\vendor\ishop\core\Router.php | Строка: 39
=================
[2017-09-09 08:25:55] Текст ошибки: Страница не найдена | Файл: D:\WebServer\domains\ishop2.loc\vendor\ishop\core\Router.php | Строка: 39
=================
[2017-09-09 08:29:04] Текст ошибки: Страница не найдена | Файл: D:\WebServer\domains\ishop2.loc\vendor\ishop\core\Router.php | Строка: 39
=================
[2017-09-09 08:53:54] Текст ошибки: Страница не найдена | Файл: D:\WebServer\domains\ishop2.loc\vendor\ishop\core\Router.php | Строка: 39
=================
[2017-09-09 08:53:54] Текст ошибки: Страница не найдена | Файл: D:\WebServer\domains\ishop2.loc\vendor\ishop\core\Router.php | Строка: 39
=================
[2017-09-09 08:53:54] Текст ошибки: Страница не найдена | Файл: D:\WebServer\domains\ishop2.loc\vendor\ishop\core\Router.php | Строка: 39
=================
[2017-09-09 08:53:54] Текст ошибки: Страница не найдена | Файл: D:\WebServer\domains\ishop2.loc\vendor\ishop\core\Router.php | Строка: 39
=================
[2017-09-09 08:53:54] Текст ошибки: Страница не найдена | Файл: D:\WebServer\domains\ishop2.loc\vendor\ishop\core\Router.php | Строка: 39
=================
[2017-09-09 08:55:43] Текст ошибки: Страница не найдена | Файл: D:\WebServer\domains\ishop2.loc\vendor\ishop\core\Router.php | Строка: 39
=================
[2017-09-09 08:55:43] Текст ошибки: Страница не найдена | Файл: D:\WebServer\domains\ishop2.loc\vendor\ishop\core\Router.php | Строка: 39
=================
[2017-09-09 08:55:43] Текст ошибки: Страница не найдена | Файл: D:\WebServer\domains\ishop2.loc\vendor\ishop\core\Router.php | Строка: 39
=================
[2017-09-09 08:55:43] Текст ошибки: Страница не найдена | Файл: D:\WebServer\domains\ishop2.loc\vendor\ishop\core\Router.php | Строка: 39
=================
[2017-09-09 08:55:44] Текст ошибки: Страница не найдена | Файл: D:\WebServer\domains\ishop2.loc\vendor\ishop\core\Router.php | Строка: 39
=================
[2017-09-09 09:05:33] Текст ошибки: Контроллер app\controllers\admin\OrderController не найден | Файл: D:\WebServer\domains\ishop2.loc\vendor\ishop\core\Router.php | Строка: 36
=================
[2017-09-09 09:17:47] Текст ошибки: Контроллер app\controllers\admin\OrderController не найден | Файл: D:\WebServer\domains\ishop2.loc\vendor\ishop\core\Router.php | Строка: 36
=================
[2017-09-09 09:17:53] Текст ошибки: Контроллер app\controllers\admin\OrderController не найден | Файл: D:\WebServer\domains\ishop2.loc\vendor\ishop\core\Router.php | Строка: 36
=================
[2017-09-09 11:34:53] Текст ошибки: Страница не найдена | Файл: D:\WebServer\domains\ishop2.loc\vendor\ishop\core\Router.php | Строка: 39
=================
[2017-09-09 11:34:53] Текст ошибки: Страница не найдена | Файл: D:\WebServer\domains\ishop2.loc\vendor\ishop\core\Router.php | Строка: 39
=================
[2017-09-09 11:36:56] Текст ошибки: Метод app\controllers\admin\OrderController::viewAction не найден | Файл: D:\WebServer\domains\ishop2.loc\vendor\ishop\core\Router.php | Строка: 33
=================
[2017-09-09 11:42:31] Текст ошибки: Страница не найдена | Файл: D:\WebServer\domains\ishop2.loc\app\controllers\admin\AppController.php | Строка: 29
=================
[2017-09-09 12:28:34] Текст ошибки: Метод app\controllers\admin\OrderController::deleteAction не найден | Файл: D:\WebServer\domains\ishop2.loc\vendor\ishop\core\Router.php | Строка: 33
=================
[2017-09-09 14:04:55] Текст ошибки: Страница не найдена | Файл: D:\WebServer\domains\ishop2.loc\vendor\ishop\core\Router.php | Строка: 39
=================
[2017-09-09 14:04:55] Текст ошибки: Страница не найдена | Файл: D:\WebServer\domains\ishop2.loc\vendor\ishop\core\Router.php | Строка: 39
=================
[2017-09-09 15:37:39] Текст ошибки: Страница не найдена | Файл: D:\WebServer\domains\ishop2.loc\vendor\ishop\core\Router.php | Строка: 39
=================
[2017-09-09 15:37:39] Текст ошибки: Страница не найдена | Файл: D:\WebServer\domains\ishop2.loc\vendor\ishop\core\Router.php | Строка: 39
=================
[2017-09-10 08:58:27] Текст ошибки: Страница не найдена | Файл: D:\WebServer\domains\ishop2.loc\vendor\ishop\core\Router.php | Строка: 39
=================
[2017-09-10 08:58:27] Текст ошибки: Страница не найдена | Файл: D:\WebServer\domains\ishop2.loc\vendor\ishop\core\Router.php | Строка: 39
=================
[2017-09-10 09:55:00] Текст ошибки: SQLSTATE[42000]: Syntax error or access violation: 1064 You have an error in your SQL syntax; check the manual that corresponds to your MySQL server version for the right syntax to use near '(SUM(`order_product`.`price`), 2) AS `sum` FROM `order`
  JOIN `order_product` ' at line 1 | Файл: D:\WebServer\domains\ishop2.loc\vendor\gabordemooij\redbean\RedBeanPHP\Driver\RPDO.php | Строка: 186
=================
[2017-09-10 11:39:55] Текст ошибки: Страница не найдена | Файл: D:\WebServer\domains\ishop2.loc\vendor\ishop\core\Router.php | Строка: 39
=================
[2017-09-10 15:34:36] Текст ошибки: Страница не найдена | Файл: D:\WebServer\domains\ishop2.loc\vendor\ishop\core\Router.php | Строка: 39
=================
[2017-09-10 15:34:36] Текст ошибки: Страница не найдена | Файл: D:\WebServer\domains\ishop2.loc\vendor\ishop\core\Router.php | Строка: 39
=================
[2017-09-11 18:56:22] Текст ошибки: Страница не найдена | Файл: D:\WebServer\domains\ishop2.loc\vendor\ishop\core\Router.php | Строка: 39
=================
[2017-09-11 19:01:40] Текст ошибки: SQLSTATE[23000]: Integrity constraint violation: 1062 Duplicate entry '' for key 'alias' | Файл: D:\WebServer\domains\ishop2.loc\vendor\gabordemooij\redbean\RedBeanPHP\Driver\RPDO.php | Строка: 186
=================
[2017-09-11 19:18:45] Текст ошибки: Страница не найдена | Файл: D:\WebServer\domains\ishop2.loc\vendor\ishop\core\Router.php | Строка: 39
=================
[2017-09-11 19:46:18] Текст ошибки: Страница не найдена | Файл: D:\WebServer\domains\ishop2.loc\vendor\ishop\core\Router.php | Строка: 39
=================
[2017-09-12 19:13:23] Текст ошибки: Страница не найдена | Файл: D:\WebServer\domains\ishop2.loc\vendor\ishop\core\Router.php | Строка: 39
=================
[2017-09-12 19:13:24] Текст ошибки: Страница не найдена | Файл: D:\WebServer\domains\ishop2.loc\vendor\ishop\core\Router.php | Строка: 39
=================
[2017-09-12 19:34:52] Текст ошибки: Метод app\controllers\admin\ProductController::relatedProductAction не найден | Файл: D:\WebServer\domains\ishop2.loc\vendor\ishop\core\Router.php | Строка: 33
=================
[2017-09-12 19:36:37] Текст ошибки: Метод app\controllers\admin\ProductController::relatedProductAction не найден | Файл: D:\WebServer\domains\ishop2.loc\vendor\ishop\core\Router.php | Строка: 33
=================
[2017-09-12 19:36:40] Текст ошибки: Метод app\controllers\admin\ProductController::relatedProductAction не найден | Файл: D:\WebServer\domains\ishop2.loc\vendor\ishop\core\Router.php | Строка: 33
=================
[2017-09-12 19:36:49] Текст ошибки: Метод app\controllers\admin\ProductController::relatedProductAction не найден | Файл: D:\WebServer\domains\ishop2.loc\vendor\ishop\core\Router.php | Строка: 33
=================
[2017-09-12 19:37:08] Текст ошибки: Метод app\controllers\admin\ProductController::relatedProductAction не найден | Файл: D:\WebServer\domains\ishop2.loc\vendor\ishop\core\Router.php | Строка: 33
=================
[2017-09-12 19:37:21] Текст ошибки: Метод app\controllers\admin\ProductController::relatedProductAction не найден | Файл: D:\WebServer\domains\ishop2.loc\vendor\ishop\core\Router.php | Строка: 33
=================
[2017-09-12 19:37:42] Текст ошибки: Метод app\controllers\admin\ProductController::relatedProductAction не найден | Файл: D:\WebServer\domains\ishop2.loc\vendor\ishop\core\Router.php | Строка: 33
=================
[2017-09-13 18:35:25] Текст ошибки: Страница не найдена | Файл: D:\WebServer\domains\ishop2.loc\vendor\ishop\core\Router.php | Строка: 39
=================
[2017-09-13 18:35:25] Текст ошибки: Страница не найдена | Файл: D:\WebServer\domains\ishop2.loc\vendor\ishop\core\Router.php | Строка: 39
=================
[2017-09-13 19:00:45] Текст ошибки: Страница не найдена | Файл: D:\WebServer\domains\ishop2.loc\vendor\ishop\core\Router.php | Строка: 39
=================
[2017-09-13 19:00:45] Текст ошибки: Страница не найдена | Файл: D:\WebServer\domains\ishop2.loc\vendor\ishop\core\Router.php | Строка: 39
=================
[2017-09-13 19:00:45] Текст ошибки: Страница не найдена | Файл: D:\WebServer\domains\ishop2.loc\vendor\ishop\core\Router.php | Строка: 39
=================
[2017-09-13 19:00:45] Текст ошибки: Страница не найдена | Файл: D:\WebServer\domains\ishop2.loc\vendor\ishop\core\Router.php | Строка: 39
=================
[2017-09-13 19:00:45] Текст ошибки: Страница не найдена | Файл: D:\WebServer\domains\ishop2.loc\vendor\ishop\core\Router.php | Строка: 39
=================
[2017-09-13 19:00:45] Текст ошибки: Страница не найдена | Файл: D:\WebServer\domains\ishop2.loc\vendor\ishop\core\Router.php | Строка: 39
=================
[2017-09-13 19:00:45] Текст ошибки: Страница не найдена | Файл: D:\WebServer\domains\ishop2.loc\vendor\ishop\core\Router.php | Строка: 39
=================
[2017-09-13 19:00:45] Текст ошибки: Страница не найдена | Файл: D:\WebServer\domains\ishop2.loc\vendor\ishop\core\Router.php | Строка: 39
=================
[2017-09-13 19:05:22] Текст ошибки: Метод app\controllers\admin\ProductController::addImageAction не найден | Файл: D:\WebServer\domains\ishop2.loc\vendor\ishop\core\Router.php | Строка: 33
=================
[2017-09-13 19:05:53] Текст ошибки: Метод app\controllers\admin\ProductController::addImageAction не найден | Файл: D:\WebServer\domains\ishop2.loc\vendor\ishop\core\Router.php | Строка: 33
=================
[2017-09-13 19:07:33] Текст ошибки: На найден вид D:\WebServer\domains\ishop2.loc/app/views/admin\Product/add-image.php | Файл: D:\WebServer\domains\ishop2.loc\vendor\ishop\core\base\View.php | Строка: 38
=================
[2017-09-16 11:06:59] Текст ошибки: Страница не найдена | Файл: D:\WebServer\domains\ishop2.loc\vendor\ishop\core\Router.php | Строка: 39
=================
[2017-09-16 11:06:59] Текст ошибки: Страница не найдена | Файл: D:\WebServer\domains\ishop2.loc\vendor\ishop\core\Router.php | Строка: 39
=================
[2017-09-16 11:59:22] Текст ошибки: Страница не найдена | Файл: D:\WebServer\domains\ishop2.loc\app\controllers\admin\AppController.php | Строка: 29
=================
[2017-09-16 11:59:51] Текст ошибки: Страница не найдена | Файл: D:\WebServer\domains\ishop2.loc\app\controllers\admin\AppController.php | Строка: 29
=================
[2017-09-16 12:17:25] Текст ошибки: Страница не найдена | Файл: D:\WebServer\domains\ishop2.loc\app\controllers\ProductController.php | Строка: 14
=================
[2017-09-16 12:17:29] Текст ошибки: Страница не найдена | Файл: D:\WebServer\domains\ishop2.loc\app\controllers\ProductController.php | Строка: 14
=================
[2017-09-16 12:17:58] Текст ошибки: Страница не найдена | Файл: D:\WebServer\domains\ishop2.loc\app\controllers\ProductController.php | Строка: 14
=================
[2017-09-16 12:33:58] Текст ошибки: Страница не найдена | Файл: D:\WebServer\domains\ishop2.loc\app\controllers\ProductController.php | Строка: 14
=================
[2017-09-16 12:34:10] Текст ошибки: Страница не найдена | Файл: D:\WebServer\domains\ishop2.loc\app\controllers\ProductController.php | Строка: 14
=================
[2017-09-16 14:33:17] Текст ошибки: Страница не найдена | Файл: D:\WebServer\domains\ishop2.loc\vendor\ishop\core\Router.php | Строка: 39
=================
[2017-09-16 14:33:17] Текст ошибки: Страница не найдена | Файл: D:\WebServer\domains\ishop2.loc\vendor\ishop\core\Router.php | Строка: 39
=================
[2017-09-16 15:00:10] Текст ошибки: Invalid type: attribute_group | Файл: D:\WebServer\domains\ishop2.loc\vendor\gabordemooij\redbean\RedBeanPHP\Util\DispenseHelper.php | Строка: 37
=================
[2017-09-16 15:06:26] Текст ошибки: Plugin 'xdispense' does not exist, add this plugin using: R::ext('xdispense') | Файл: D:\WebServer\domains\ishop2.loc\vendor\gabordemooij\redbean\RedBeanPHP\Facade.php | Строка: 2004
=================
[2017-09-16 15:12:41] Текст ошибки: На найден вид D:\WebServer\domains\ishop2.loc/app/views/admin\Filter/attribute.php | Файл: D:\WebServer\domains\ishop2.loc\vendor\ishop\core\base\View.php | Строка: 38
=================
[2017-09-16 15:12:47] Текст ошибки: На найден вид D:\WebServer\domains\ishop2.loc/app/views/admin\Filter/attribute.php | Файл: D:\WebServer\domains\ishop2.loc\vendor\ishop\core\base\View.php | Строка: 38
=================
[2017-09-16 18:15:24] Текст ошибки: Страница не найдена | Файл: D:\WebServer\domains\ishop2.loc\vendor\ishop\core\Router.php | Строка: 39
=================
[2017-09-16 18:47:39] Текст ошибки: Метод app\controllers\admin\ProductController::deleteAction не найден | Файл: D:\WebServer\domains\ishop2.loc\vendor\ishop\core\Router.php | Строка: 33
=================
[2020-11-29 12:23:21] Текст ошибки: Страница не найдена | Файл: D:\OpenServer\OSPanel\domains\ishop2.loc\vendor\ishop\core\Router.php | Строка: 39
=================
[2020-11-29 12:23:21] Текст ошибки: Страница не найдена | Файл: D:\OpenServer\OSPanel\domains\ishop2.loc\vendor\ishop\core\Router.php | Строка: 39
=================
[2020-11-29 12:25:54] Текст ошибки: Страница не найдена | Файл: D:\OpenServer\OSPanel\domains\ishop2.loc\vendor\ishop\core\Router.php | Строка: 39
=================
[2020-11-29 12:25:54] Текст ошибки: Страница не найдена | Файл: D:\OpenServer\OSPanel\domains\ishop2.loc\vendor\ishop\core\Router.php | Строка: 39
=================
[2020-11-29 12:25:54] Текст ошибки: Страница не найдена | Файл: D:\OpenServer\OSPanel\domains\ishop2.loc\vendor\ishop\core\Router.php | Строка: 39
=================
[2020-11-29 12:25:54] Текст ошибки: Страница не найдена | Файл: D:\OpenServer\OSPanel\domains\ishop2.loc\vendor\ishop\core\Router.php | Строка: 39
=================
[2020-11-29 12:25:55] Текст ошибки: Страница не найдена | Файл: D:\OpenServer\OSPanel\domains\ishop2.loc\vendor\ishop\core\Router.php | Строка: 39
=================
[2020-11-29 12:25:55] Текст ошибки: Страница не найдена | Файл: D:\OpenServer\OSPanel\domains\ishop2.loc\vendor\ishop\core\Router.php | Строка: 39
=================
[2020-11-29 12:25:55] Текст ошибки: Страница не найдена | Файл: D:\OpenServer\OSPanel\domains\ishop2.loc\vendor\ishop\core\Router.php | Строка: 39
=================
[2020-11-29 12:25:55] Текст ошибки: Страница не найдена | Файл: D:\OpenServer\OSPanel\domains\ishop2.loc\vendor\ishop\core\Router.php | Строка: 39
=================
[2020-11-29 12:25:57] Текст ошибки: Страница не найдена | Файл: D:\OpenServer\OSPanel\domains\ishop2.loc\vendor\ishop\core\Router.php | Строка: 39
=================
[2020-11-29 12:25:57] Текст ошибки: Страница не найдена | Файл: D:\OpenServer\OSPanel\domains\ishop2.loc\vendor\ishop\core\Router.php | Строка: 39
=================
[2020-11-29 12:25:57] Текст ошибки: Страница не найдена | Файл: D:\OpenServer\OSPanel\domains\ishop2.loc\vendor\ishop\core\Router.php | Строка: 39
=================
[2020-11-29 12:25:57] Текст ошибки: Страница не найдена | Файл: D:\OpenServer\OSPanel\domains\ishop2.loc\vendor\ishop\core\Router.php | Строка: 39
=================
[2020-11-29 12:27:13] Текст ошибки: SQLSTATE[42S22]: Column not found: 1054 Unknown column 'address' in 'field list' | Файл: D:\OpenServer\OSPanel\domains\ishop2.loc\vendor\gabordemooij\redbean\RedBeanPHP\Driver\RPDO.php | Строка: 186
=================
[2020-11-29 12:27:13] Текст ошибки: Страница не найдена | Файл: D:\OpenServer\OSPanel\domains\ishop2.loc\vendor\ishop\core\Router.php | Строка: 39
=================
[2020-11-29 12:30:21] Текст ошибки: SQLSTATE[42S22]: Column not found: 1054 Unknown column 'address' in 'field list' | Файл: D:\OpenServer\OSPanel\domains\ishop2.loc\vendor\gabordemooij\redbean\RedBeanPHP\Driver\RPDO.php | Строка: 186
=================
[2020-11-29 12:30:22] Текст ошибки: SQLSTATE[42S22]: Column not found: 1054 Unknown column 'address' in 'field list' | Файл: D:\OpenServer\OSPanel\domains\ishop2.loc\vendor\gabordemooij\redbean\RedBeanPHP\Driver\RPDO.php | Строка: 186
=================
[2020-11-29 12:30:24] Текст ошибки: SQLSTATE[42S22]: Column not found: 1054 Unknown column 'address' in 'field list' | Файл: D:\OpenServer\OSPanel\domains\ishop2.loc\vendor\gabordemooij\redbean\RedBeanPHP\Driver\RPDO.php | Строка: 186
=================
[2020-11-29 12:33:50] Текст ошибки: Страница не найдена | Файл: D:\OpenServer\OSPanel\domains\ishop2.loc\vendor\ishop\core\Router.php | Строка: 39
=================
[2020-11-29 12:33:50] Текст ошибки: Страница не найдена | Файл: D:\OpenServer\OSPanel\domains\ishop2.loc\vendor\ishop\core\Router.php | Строка: 39
=================
[2020-11-29 12:33:50] Текст ошибки: Страница не найдена | Файл: D:\OpenServer\OSPanel\domains\ishop2.loc\vendor\ishop\core\Router.php | Строка: 39
=================
[2020-11-29 12:33:50] Текст ошибки: Страница не найдена | Файл: D:\OpenServer\OSPanel\domains\ishop2.loc\vendor\ishop\core\Router.php | Строка: 39
=================
[2020-11-29 12:50:18] Текст ошибки: Страница не найдена | Файл: D:\OpenServer\OSPanel\domains\ishop2.loc\vendor\ishop\core\Router.php | Строка: 39
=================
[2020-11-29 12:50:18] Текст ошибки: Страница не найдена | Файл: D:\OpenServer\OSPanel\domains\ishop2.loc\vendor\ishop\core\Router.php | Строка: 39
=================
[2020-11-29 13:03:46] Текст ошибки: Страница не найдена | Файл: D:\OpenServer\OSPanel\domains\ishop2.loc\vendor\ishop\core\Router.php | Строка: 39
=================
[2020-11-29 13:30:48] Текст ошибки: Страница не найдена | Файл: D:\OpenServer\OSPanel\domains\ishop2.loc\vendor\ishop\core\Router.php | Строка: 39
=================
[2020-11-29 13:30:48] Текст ошибки: Страница не найдена | Файл: D:\OpenServer\OSPanel\domains\ishop2.loc\vendor\ishop\core\Router.php | Строка: 39
=================
[2020-11-29 14:29:17] Текст ошибки: Страница не найдена | Файл: D:\OpenServer\OSPanel\domains\ishop2.loc\vendor\ishop\core\Router.php | Строка: 39
=================
[2020-11-29 14:53:34] Текст ошибки: Метод app\controllers\admin\ProductController::deleteAction не найден | Файл: D:\OpenServer\OSPanel\domains\ishop2.loc\vendor\ishop\core\Router.php | Строка: 33
=================
[2020-11-29 14:53:35] Текст ошибки: Страница не найдена | Файл: D:\OpenServer\OSPanel\domains\ishop2.loc\vendor\ishop\core\Router.php | Строка: 39
=================
[2020-11-29 14:53:44] Текст ошибки: Метод app\controllers\admin\ProductController::deleteAction не найден | Файл: D:\OpenServer\OSPanel\domains\ishop2.loc\vendor\ishop\core\Router.php | Строка: 33
=================
[2020-11-29 14:54:09] Текст ошибки: Страница не найдена | Файл: D:\OpenServer\OSPanel\domains\ishop2.loc\vendor\ishop\core\Router.php | Строка: 39
=================
[2020-11-29 14:54:09] Текст ошибки: Страница не найдена | Файл: D:\OpenServer\OSPanel\domains\ishop2.loc\vendor\ishop\core\Router.php | Строка: 39
=================
[2020-11-29 14:54:13] Текст ошибки: Страница не найдена | Файл: D:\OpenServer\OSPanel\domains\ishop2.loc\vendor\ishop\core\Router.php | Строка: 39
=================
[2020-11-29 14:54:13] Текст ошибки: Страница не найдена | Файл: D:\OpenServer\OSPanel\domains\ishop2.loc\vendor\ishop\core\Router.php | Строка: 39
=================
[2020-11-29 14:55:16] Текст ошибки: Метод app\controllers\admin\ProductController::deleteAction не найден | Файл: D:\OpenServer\OSPanel\domains\ishop2.loc\vendor\ishop\core\Router.php | Строка: 33
=================
[2020-11-29 18:30:18] Текст ошибки: Страница не найдена | Файл: D:\OpenServer\OSPanel\domains\ishop2.loc\vendor\ishop\core\Router.php | Строка: 39
=================
[2020-11-29 18:30:36] Текст ошибки: Страница не найдена | Файл: D:\OpenServer\OSPanel\domains\ishop2.loc\vendor\ishop\core\Router.php | Строка: 39
=================
[2020-11-29 18:30:47] Текст ошибки: Страница не найдена | Файл: D:\OpenServer\OSPanel\domains\ishop2.loc\vendor\ishop\core\Router.php | Строка: 39
=================
[2020-11-29 18:30:47] Текст ошибки: Страница не найдена | Файл: D:\OpenServer\OSPanel\domains\ishop2.loc\vendor\ishop\core\Router.php | Строка: 39
=================
[2020-11-29 18:30:47] Текст ошибки: Страница не найдена | Файл: D:\OpenServer\OSPanel\domains\ishop2.loc\vendor\ishop\core\Router.php | Строка: 39
=================
[2020-11-29 18:30:47] Текст ошибки: Страница не найдена | Файл: D:\OpenServer\OSPanel\domains\ishop2.loc\vendor\ishop\core\Router.php | Строка: 39
=================
[2020-11-29 18:30:47] Текст ошибки: Страница не найдена | Файл: D:\OpenServer\OSPanel\domains\ishop2.loc\vendor\ishop\core\Router.php | Строка: 39
=================
[2020-11-29 18:31:15] Текст ошибки: Страница не найдена | Файл: D:\OpenServer\OSPanel\domains\ishop2.loc\vendor\ishop\core\Router.php | Строка: 39
=================
[2020-11-29 18:31:15] Текст ошибки: Страница не найдена | Файл: D:\OpenServer\OSPanel\domains\ishop2.loc\vendor\ishop\core\Router.php | Строка: 39
=================
[2020-11-29 18:31:15] Текст ошибки: Страница не найдена | Файл: D:\OpenServer\OSPanel\domains\ishop2.loc\vendor\ishop\core\Router.php | Строка: 39
=================
[2020-11-29 18:31:32] Текст ошибки: Страница не найдена | Файл: D:\OpenServer\OSPanel\domains\ishop2.loc\vendor\ishop\core\Router.php | Строка: 39
=================
[2020-11-29 18:31:32] Текст ошибки: Страница не найдена | Файл: D:\OpenServer\OSPanel\domains\ishop2.loc\vendor\ishop\core\Router.php | Строка: 39
=================
[2020-11-29 18:31:41] Текст ошибки: Страница не найдена | Файл: D:\OpenServer\OSPanel\domains\ishop2.loc\vendor\ishop\core\Router.php | Строка: 39
=================
[2020-11-29 18:31:41] Текст ошибки: Страница не найдена | Файл: D:\OpenServer\OSPanel\domains\ishop2.loc\vendor\ishop\core\Router.php | Строка: 39
=================
[2020-11-29 18:31:41] Текст ошибки: Страница не найдена | Файл: D:\OpenServer\OSPanel\domains\ishop2.loc\vendor\ishop\core\Router.php | Строка: 39
=================
[2020-11-29 18:31:41] Текст ошибки: Страница не найдена | Файл: D:\OpenServer\OSPanel\domains\ishop2.loc\vendor\ishop\core\Router.php | Строка: 39
=================
[2020-11-29 18:31:53] Текст ошибки: Страница не найдена | Файл: D:\OpenServer\OSPanel\domains\ishop2.loc\vendor\ishop\core\Router.php | Строка: 39
=================
[2020-11-29 18:31:53] Текст ошибки: Страница не найдена | Файл: D:\OpenServer\OSPanel\domains\ishop2.loc\vendor\ishop\core\Router.php | Строка: 39
=================
[2020-11-29 18:31:53] Текст ошибки: Страница не найдена | Файл: D:\OpenServer\OSPanel\domains\ishop2.loc\vendor\ishop\core\Router.php | Строка: 39
=================
[2020-11-29 18:31:53] Текст ошибки: Страница не найдена | Файл: D:\OpenServer\OSPanel\domains\ishop2.loc\vendor\ishop\core\Router.php | Строка: 39
=================
[2020-11-29 18:31:54] Текст ошибки: Страница не найдена | Файл: D:\OpenServer\OSPanel\domains\ishop2.loc\vendor\ishop\core\Router.php | Строка: 39
=================
[2020-11-29 18:31:54] Текст ошибки: Страница не найдена | Файл: D:\OpenServer\OSPanel\domains\ishop2.loc\vendor\ishop\core\Router.php | Строка: 39
=================
[2020-11-29 18:31:54] Текст ошибки: Страница не найдена | Файл: D:\OpenServer\OSPanel\domains\ishop2.loc\vendor\ishop\core\Router.php | Строка: 39
=================
[2020-11-29 18:31:54] Текст ошибки: Страница не найдена | Файл: D:\OpenServer\OSPanel\domains\ishop2.loc\vendor\ishop\core\Router.php | Строка: 39
=================
[2020-11-29 19:05:35] Текст ошибки: Страница не найдена | Файл: D:\OpenServer\OSPanel\domains\ishop2.loc\vendor\ishop\core\Router.php | Строка: 39
=================
[2020-11-29 19:19:33] Текст ошибки: Страница не найдена | Файл: D:\OpenServer\OSPanel\domains\ishop2.loc\vendor\ishop\core\Router.php | Строка: 39
=================
[2020-11-29 20:12:10] Текст ошибки: syntax error, unexpected ':', expecting '(' | Файл: D:\OpenServer\OSPanel\domains\ishop2.loc\app\views\Category\view.php | Строка: 48
=================
[2020-11-30 09:53:02] Текст ошибки: Страница не найдена | Файл: E:\Openserver\OSPanel\domains\ishop2.loc\vendor\ishop\core\Router.php | Строка: 39
=================
[2020-11-30 12:36:35] Текст ошибки: Страница не найдена | Файл: E:\Openserver\OSPanel\domains\ishop2.loc\app\controllers\CategoryController.php | Строка: 17
=================
[2020-12-13 09:39:45] Текст ошибки: Expected array, string given. | Файл: D:\OpenServer\OSPanel\domains\ishop2.loc\vendor\gabordemooij\redbean\RedBeanPHP\Finder.php | Строка: 62
=================
[2020-12-13 09:39:45] Текст ошибки: Страница не найдена | Файл: D:\OpenServer\OSPanel\domains\ishop2.loc\vendor\ishop\core\Router.php | Строка: 39
=================
[2020-12-13 09:40:45] Текст ошибки: Expected array, string given. | Файл: D:\OpenServer\OSPanel\domains\ishop2.loc\vendor\gabordemooij\redbean\RedBeanPHP\Finder.php | Строка: 62
=================
[2020-12-13 09:40:45] Текст ошибки: Expected array, string given. | Файл: D:\OpenServer\OSPanel\domains\ishop2.loc\vendor\gabordemooij\redbean\RedBeanPHP\Finder.php | Строка: 62
=================
[2020-12-13 09:40:46] Текст ошибки: Expected array, string given. | Файл: D:\OpenServer\OSPanel\domains\ishop2.loc\vendor\gabordemooij\redbean\RedBeanPHP\Finder.php | Строка: 62
=================
[2020-12-13 09:40:47] Текст ошибки: Expected array, string given. | Файл: D:\OpenServer\OSPanel\domains\ishop2.loc\vendor\gabordemooij\redbean\RedBeanPHP\Finder.php | Строка: 62
=================
[2020-12-13 09:40:51] Текст ошибки: Expected array, string given. | Файл: D:\OpenServer\OSPanel\domains\ishop2.loc\vendor\gabordemooij\redbean\RedBeanPHP\Finder.php | Строка: 62
=================
[2020-12-13 09:40:51] Текст ошибки: Страница не найдена | Файл: D:\OpenServer\OSPanel\domains\ishop2.loc\vendor\ishop\core\Router.php | Строка: 39
=================
[2020-12-13 09:40:54] Текст ошибки: Expected array, string given. | Файл: D:\OpenServer\OSPanel\domains\ishop2.loc\vendor\gabordemooij\redbean\RedBeanPHP\Finder.php | Строка: 62
=================
[2020-12-13 09:42:45] Текст ошибки: Expected array, string given. | Файл: D:\OpenServer\OSPanel\domains\ishop2.loc\vendor\gabordemooij\redbean\RedBeanPHP\Finder.php | Строка: 62
=================
[2020-12-13 09:42:45] Текст ошибки: Страница не найдена | Файл: D:\OpenServer\OSPanel\domains\ishop2.loc\vendor\ishop\core\Router.php | Строка: 39
=================
[2020-12-13 09:45:45] Текст ошибки: Expected array, string given. | Файл: D:\OpenServer\OSPanel\domains\ishop2.loc\vendor\gabordemooij\redbean\RedBeanPHP\Finder.php | Строка: 62
=================
[2020-12-13 09:47:36] Текст ошибки: Expected array, string given. | Файл: D:\OpenServer\OSPanel\domains\ishop2.loc\vendor\gabordemooij\redbean\RedBeanPHP\Finder.php | Строка: 62
=================
[2020-12-13 09:49:24] Текст ошибки: Expected array, string given. | Файл: D:\OpenServer\OSPanel\domains\ishop2.loc\vendor\gabordemooij\redbean\RedBeanPHP\Finder.php | Строка: 62
=================
[2020-12-13 09:52:12] Текст ошибки: Expected array, string given. | Файл: D:\OpenServer\OSPanel\domains\ishop2.loc\vendor\gabordemooij\redbean\RedBeanPHP\Finder.php | Строка: 62
=================
[2020-12-13 09:52:14] Текст ошибки: Expected array, string given. | Файл: D:\OpenServer\OSPanel\domains\ishop2.loc\vendor\gabordemooij\redbean\RedBeanPHP\Finder.php | Строка: 62
=================
[2020-12-13 09:52:14] Текст ошибки: Страница не найдена | Файл: D:\OpenServer\OSPanel\domains\ishop2.loc\vendor\ishop\core\Router.php | Строка: 39
=================
[2020-12-13 09:55:18] Текст ошибки: Expected array, string given. | Файл: D:\OpenServer\OSPanel\domains\ishop2.loc\vendor\gabordemooij\redbean\RedBeanPHP\Finder.php | Строка: 62
=================
[2020-12-13 09:56:23] Текст ошибки: Expected array, string given. | Файл: D:\OpenServer\OSPanel\domains\ishop2.loc\vendor\gabordemooij\redbean\RedBeanPHP\Finder.php | Строка: 62
=================
[2020-12-13 09:56:26] Текст ошибки: Expected array, string given. | Файл: D:\OpenServer\OSPanel\domains\ishop2.loc\vendor\gabordemooij\redbean\RedBeanPHP\Finder.php | Строка: 62
=================
[2020-12-13 10:01:31] Текст ошибки: Expected array, string given. | Файл: D:\OpenServer\OSPanel\domains\ishop2.loc\vendor\gabordemooij\redbean\RedBeanPHP\Finder.php | Строка: 62
=================
[2020-12-13 10:01:31] Текст ошибки: Страница не найдена | Файл: D:\OpenServer\OSPanel\domains\ishop2.loc\vendor\ishop\core\Router.php | Строка: 39
=================
[2020-12-13 10:01:32] Текст ошибки: Expected array, string given. | Файл: D:\OpenServer\OSPanel\domains\ishop2.loc\vendor\gabordemooij\redbean\RedBeanPHP\Finder.php | Строка: 62
=================
[2020-12-13 10:01:35] Текст ошибки: Expected array, string given. | Файл: D:\OpenServer\OSPanel\domains\ishop2.loc\vendor\gabordemooij\redbean\RedBeanPHP\Finder.php | Строка: 62
=================
[2020-12-13 10:04:57] Текст ошибки: Expected array, string given. | Файл: D:\OpenServer\OSPanel\domains\ishop2.loc\vendor\gabordemooij\redbean\RedBeanPHP\Finder.php | Строка: 62
=================
[2020-12-13 10:05:01] Текст ошибки: Expected array, string given. | Файл: D:\OpenServer\OSPanel\domains\ishop2.loc\vendor\gabordemooij\redbean\RedBeanPHP\Finder.php | Строка: 62
=================
[2020-12-13 10:09:02] Текст ошибки: Expected array, string given. | Файл: D:\OpenServer\OSPanel\domains\ishop2.loc\vendor\gabordemooij\redbean\RedBeanPHP\Finder.php | Строка: 62
=================
[2020-12-13 10:14:53] Текст ошибки: Expected array, string given. | Файл: D:\OpenServer\OSPanel\domains\ishop2.loc\vendor\gabordemooij\redbean\RedBeanPHP\Finder.php | Строка: 62
=================
[2020-12-13 10:17:07] Текст ошибки: Expected array, string given. | Файл: D:\OpenServer\OSPanel\domains\ishop2.loc\vendor\gabordemooij\redbean\RedBeanPHP\Finder.php | Строка: 62
=================
[2020-12-13 10:17:08] Текст ошибки: Expected array, string given. | Файл: D:\OpenServer\OSPanel\domains\ishop2.loc\vendor\gabordemooij\redbean\RedBeanPHP\Finder.php | Строка: 62
=================
[2020-12-13 10:17:10] Текст ошибки: Expected array, string given. | Файл: D:\OpenServer\OSPanel\domains\ishop2.loc\vendor\gabordemooij\redbean\RedBeanPHP\Finder.php | Строка: 62
=================
[2020-12-13 10:17:14] Текст ошибки: Expected array, string given. | Файл: D:\OpenServer\OSPanel\domains\ishop2.loc\vendor\gabordemooij\redbean\RedBeanPHP\Finder.php | Строка: 62
=================
[2020-12-13 10:17:16] Текст ошибки: Expected array, string given. | Файл: D:\OpenServer\OSPanel\domains\ishop2.loc\vendor\gabordemooij\redbean\RedBeanPHP\Finder.php | Строка: 62
=================
[2020-12-13 10:17:17] Текст ошибки: Страница не найдена | Файл: D:\OpenServer\OSPanel\domains\ishop2.loc\vendor\ishop\core\Router.php | Строка: 39
=================
[2020-12-13 10:17:20] Текст ошибки: Expected array, string given. | Файл: D:\OpenServer\OSPanel\domains\ishop2.loc\vendor\gabordemooij\redbean\RedBeanPHP\Finder.php | Строка: 62
=================
[2020-12-13 10:18:57] Текст ошибки: Expected array, string given. | Файл: D:\OpenServer\OSPanel\domains\ishop2.loc\vendor\gabordemooij\redbean\RedBeanPHP\Finder.php | Строка: 62
=================
[2020-12-13 10:18:58] Текст ошибки: Expected array, string given. | Файл: D:\OpenServer\OSPanel\domains\ishop2.loc\vendor\gabordemooij\redbean\RedBeanPHP\Finder.php | Строка: 62
=================
[2020-12-13 10:19:02] Текст ошибки: Expected array, string given. | Файл: D:\OpenServer\OSPanel\domains\ishop2.loc\vendor\gabordemooij\redbean\RedBeanPHP\Finder.php | Строка: 62
=================
[2020-12-13 10:30:54] Текст ошибки: Expected array, string given. | Файл: D:\OpenServer\OSPanel\domains\ishop2.loc\vendor\gabordemooij\redbean\RedBeanPHP\Finder.php | Строка: 62
=================
[2020-12-13 10:30:54] Текст ошибки: Страница не найдена | Файл: D:\OpenServer\OSPanel\domains\ishop2.loc\vendor\ishop\core\Router.php | Строка: 39
=================
[2020-12-13 10:33:09] Текст ошибки: Expected array, string given. | Файл: D:\OpenServer\OSPanel\domains\ishop2.loc\vendor\gabordemooij\redbean\RedBeanPHP\Finder.php | Строка: 62
=================
[2020-12-13 10:35:14] Текст ошибки: SQLSTATE[HY093]: Invalid parameter number: no parameters were bound | Файл: D:\OpenServer\OSPanel\domains\ishop2.loc\vendor\gabordemooij\redbean\RedBeanPHP\Driver\RPDO.php | Строка: 186
=================
[2020-12-13 10:35:37] Текст ошибки: syntax error, unexpected ';', expecting ',' or ')' | Файл: D:\OpenServer\OSPanel\domains\ishop2.loc\app\controllers\UserController.php | Строка: 80
=================
[2020-12-13 10:35:39] Текст ошибки: syntax error, unexpected ';', expecting ',' or ')' | Файл: D:\OpenServer\OSPanel\domains\ishop2.loc\app\controllers\UserController.php | Строка: 80
=================
[2020-12-13 10:35:46] Текст ошибки: Expected array, string given. | Файл: D:\OpenServer\OSPanel\domains\ishop2.loc\vendor\gabordemooij\redbean\RedBeanPHP\Finder.php | Строка: 62
=================
[2020-12-13 10:35:47] Текст ошибки: Expected array, string given. | Файл: D:\OpenServer\OSPanel\domains\ishop2.loc\vendor\gabordemooij\redbean\RedBeanPHP\Finder.php | Строка: 62
=================
[2020-12-13 10:35:47] Текст ошибки: Expected array, string given. | Файл: D:\OpenServer\OSPanel\domains\ishop2.loc\vendor\gabordemooij\redbean\RedBeanPHP\Finder.php | Строка: 62
=================
[2020-12-13 10:35:48] Текст ошибки: Expected array, string given. | Файл: D:\OpenServer\OSPanel\domains\ishop2.loc\vendor\gabordemooij\redbean\RedBeanPHP\Finder.php | Строка: 62
=================
[2020-12-13 10:35:48] Текст ошибки: Expected array, string given. | Файл: D:\OpenServer\OSPanel\domains\ishop2.loc\vendor\gabordemooij\redbean\RedBeanPHP\Finder.php | Строка: 62
=================
[2020-12-13 10:40:02] Текст ошибки: Expected array, string given. | Файл: D:\OpenServer\OSPanel\domains\ishop2.loc\vendor\gabordemooij\redbean\RedBeanPHP\Finder.php | Строка: 62
=================
[2020-12-13 10:40:08] Текст ошибки: Expected array, string given. | Файл: D:\OpenServer\OSPanel\domains\ishop2.loc\vendor\gabordemooij\redbean\RedBeanPHP\Finder.php | Строка: 62
=================
[2020-12-13 10:41:13] Текст ошибки: syntax error, unexpected 'endforeach' (T_ENDFOREACH), expecting elseif (T_ELSEIF) or else (T_ELSE) or endif (T_ENDIF) | Файл: D:\OpenServer\OSPanel\domains\ishop2.loc\app\views\User\orders.php | Строка: 39
=================
[2020-12-13 10:41:14] Текст ошибки: syntax error, unexpected 'endforeach' (T_ENDFOREACH), expecting elseif (T_ELSEIF) or else (T_ELSE) or endif (T_ENDIF) | Файл: D:\OpenServer\OSPanel\domains\ishop2.loc\app\views\User\orders.php | Строка: 39
=================
[2020-12-13 11:05:31] Текст ошибки: Expected array, string given. | Файл: D:\OpenServer\OSPanel\domains\ishop2.loc\vendor\gabordemooij\redbean\RedBeanPHP\Finder.php | Строка: 62
=================
[2020-12-13 11:13:59] Текст ошибки: Expected array, string given. | Файл: D:\OpenServer\OSPanel\domains\ishop2.loc\vendor\gabordemooij\redbean\RedBeanPHP\Finder.php | Строка: 62
=================
[2020-12-13 11:15:34] Текст ошибки: Expected array, string given. | Файл: D:\OpenServer\OSPanel\domains\ishop2.loc\vendor\gabordemooij\redbean\RedBeanPHP\Finder.php | Строка: 62
=================
[2020-12-13 11:16:39] Текст ошибки: Expected response code 250 but got code "550", with message "550 spam message rejected. Please visit http://help.mail.ru/notspam-support/id?c=Nr79AeXwXJ8mkYY3MkjRQXEOATGTrpuHKaNDyY7B7bpn62fvJQEllSEAAAAmqQAAwg4lEA~~ or  report details to abuse@corp.mail.ru. Error code: 01FDBE369F5CF0E53786912641D1483231010E71879BAE93C943A329BAEDC18EEF67EB6795250125. ID: 000000210000A92610250EC2.
" | Файл: D:\OpenServer\OSPanel\domains\ishop2.loc\vendor\swiftmailer\swiftmailer\lib\classes\Swift\Transport\AbstractSmtpTransport.php | Строка: 383
=================
[2020-12-13 11:20:52] Текст ошибки: Expected response code 250 but got code "550", with message "550 spam message rejected. Please visit http://help.mail.ru/notspam-support/id?c=OOyj2IKPz-3qb-AlS3A18nEOATGTrpuHyF9S7BrrStln62fvJQEllS8AAAAPqAAAgRJGDA~~ or  report details to abuse@corp.mail.ru. Error code: D8A3EC38EDCF8F8225E06FEAF235704B31010E71879BAE93EC525FC8D94AEB1AEF67EB6795250125. ID: 0000002F0000A80F0C461281.
" | Файл: D:\OpenServer\OSPanel\domains\ishop2.loc\vendor\swiftmailer\swiftmailer\lib\classes\Swift\Transport\AbstractSmtpTransport.php | Строка: 383
=================
[2020-12-13 11:23:53] Текст ошибки: Connection to tcp://smtp.mail.ru:465 Timed Out | Файл: D:\OpenServer\OSPanel\domains\ishop2.loc\vendor\swiftmailer\swiftmailer\lib\classes\Swift\Transport\AbstractSmtpTransport.php | Строка: 404
=================
[2020-12-13 11:33:46] Текст ошибки: Страница не найдена | Файл: D:\OpenServer\OSPanel\domains\ishop2.loc\vendor\ishop\core\Router.php | Строка: 39
=================
[2020-12-13 11:34:31] Текст ошибки: Expected response code 250 but got code "550", with message "550 spam message rejected. Please visit http://help.mail.ru/notspam-support/id?c=r2-TTvdM1NxCxbmZ58vtTXEOATGTrpuHFw4oiijNXatn62fvJQEllSIAAACfqAAAPfFdGQ~~ or  report details to abuse@corp.mail.ru. Error code: 4E936FAFDCD44CF799B9C5424DEDCBE731010E71879BAE938A280E17AB5DCD28EF67EB6795250125. ID: 000000220000A89F195DF13D.
" | Файл: D:\OpenServer\OSPanel\domains\ishop2.loc\vendor\swiftmailer\swiftmailer\lib\classes\Swift\Transport\AbstractSmtpTransport.php | Строка: 383
=================
[2020-12-13 16:11:15] Текст ошибки: Expected array, string given. | Файл: D:\OpenServer\OSPanel\domains\ishop2.loc\vendor\gabordemooij\redbean\RedBeanPHP\Finder.php | Строка: 62
=================
[2020-12-13 16:11:15] Текст ошибки: Страница не найдена | Файл: D:\OpenServer\OSPanel\domains\ishop2.loc\vendor\ishop\core\Router.php | Строка: 39
=================
[2020-12-13 16:11:38] Текст ошибки: Expected array, string given. | Файл: D:\OpenServer\OSPanel\domains\ishop2.loc\vendor\gabordemooij\redbean\RedBeanPHP\Finder.php | Строка: 62
=================
[2020-12-13 16:14:05] Текст ошибки: Expected array, string given. | Файл: D:\OpenServer\OSPanel\domains\ishop2.loc\vendor\gabordemooij\redbean\RedBeanPHP\Finder.php | Строка: 62
=================
[2020-12-16 14:10:46] Текст ошибки: Страница не найдена | Файл: D:\OpenServer\OSPanel\domains\ishop2.loc\vendor\ishop\core\Router.php | Строка: 39
=================
[2023-07-31 11:07:11] Текст ошибки: Нет соединения с БД | Файл: D:\OpenServer\domains\ishop2.loc\vendor\ishop\core\Db.php | Строка: 14
=================
[2023-07-31 11:07:12] Текст ошибки: Страница не найдена | Файл: D:\OpenServer\domains\ishop2.loc\vendor\ishop\core\Router.php | Строка: 39
=================
[2023-07-31 11:17:49] Текст ошибки: Нет соединения с БД | Файл: D:\OpenServer\domains\ishop2.loc\vendor\ishop\core\Db.php | Строка: 14
=================
[2023-07-31 11:17:49] Текст ошибки: Страница не найдена | Файл: D:\OpenServer\domains\ishop2.loc\vendor\ishop\core\Router.php | Строка: 39
=================
[2023-07-31 11:17:53] Текст ошибки: Нет соединения с БД | Файл: D:\OpenServer\domains\ishop2.loc\vendor\ishop\core\Db.php | Строка: 14
=================
[2023-07-31 11:17:53] Текст ошибки: Страница не найдена | Файл: D:\OpenServer\domains\ishop2.loc\vendor\ishop\core\Router.php | Строка: 39
=================
[2023-07-31 11:30:49] Текст ошибки: Контроллер app\controllers\admin\LoginController не найден | Файл: D:\OpenServer\domains\ishop2.loc\vendor\ishop\core\Router.php | Строка: 36
=================
[2023-07-31 11:40:26] Текст ошибки: Метод app\controllers\UserController::loginAdminAction не найден | Файл: D:\OpenServer\domains\ishop2.loc\vendor\ishop\core\Router.php | Строка: 33
=================
[2023-07-31 11:40:30] Текст ошибки: Метод app\controllers\UserController::loginAdminAction не найден | Файл: D:\OpenServer\domains\ishop2.loc\vendor\ishop\core\Router.php | Строка: 33
=================
[2023-07-31 11:44:11] Текст ошибки: Метод app\controllers\UserController::loginAdminAction не найден | Файл: D:\OpenServer\domains\ishop2.loc\vendor\ishop\core\Router.php | Строка: 33
=================
[2023-07-31 11:50:42] Текст ошибки: Контроллер app\controllers\admin\LoginController не найден | Файл: D:\OpenServer\domains\ishop2.loc\vendor\ishop\core\Router.php | Строка: 36
=================
[2023-07-31 12:05:32] Текст ошибки: Контроллер app\controllers\admin\LoginController не найден | Файл: D:\OpenServer\domains\ishop2.loc\vendor\ishop\core\Router.php | Строка: 36
=================
[2023-07-31 12:05:51] Текст ошибки: Контроллер app\controllers\admin\LoginController не найден | Файл: D:\OpenServer\domains\ishop2.loc\vendor\ishop\core\Router.php | Строка: 36
=================
[2023-07-31 12:06:53] Текст ошибки: Контроллер app\controllers\admin\LoginController не найден | Файл: D:\OpenServer\domains\ishop2.loc\vendor\ishop\core\Router.php | Строка: 36
=================
[2023-07-31 12:07:29] Текст ошибки: Контроллер app\controllers\LoginAdminController не найден | Файл: D:\OpenServer\domains\ishop2.loc\vendor\ishop\core\Router.php | Строка: 36
=================
[2023-07-31 12:07:33] Текст ошибки: Контроллер app\controllers\LController не найден | Файл: D:\OpenServer\domains\ishop2.loc\vendor\ishop\core\Router.php | Строка: 36
=================
